{"C:\\Users\\Данила\\Desktop\\Курсы\\Продвинутый js и основы React\\Typescript\\Buy summ\\src\\index.ts": {"path":"C:\\Users\\Данила\\Desktop\\Курсы\\Продвинутый js и основы React\\Typescript\\Buy summ\\src\\index.ts","statementMap":{"0":{"start":{"line":9,"column":12},"end":{"line":9,"column":34}},"1":{"start":{"line":11,"column":8},"end":{"line":11,"column":30}},"2":{"start":{"line":12,"column":8},"end":{"line":12,"column":null}},"3":{"start":{"line":15,"column":8},"end":{"line":17,"column":null}},"4":{"start":{"line":16,"column":12},"end":{"line":16,"column":null}},"5":{"start":{"line":20,"column":8},"end":{"line":29,"column":null}},"6":{"start":{"line":22,"column":12},"end":{"line":27,"column":14}},"7":{"start":{"line":23,"column":13},"end":{"line":23,"column":null}},"8":{"start":{"line":26,"column":16},"end":{"line":26,"column":null}},"9":{"start":{"line":28,"column":13},"end":{"line":28,"column":null}},"10":{"start":{"line":32,"column":9},"end":{"line":32,"column":64}},"11":{"start":{"line":32,"column":48},"end":{"line":32,"column":62}},"12":{"start":{"line":33,"column":9},"end":{"line":33,"column":null}},"13":{"start":{"line":8,"column":0},"end":{"line":8,"column":13}}},"fnMap":{"0":{"name":"(anonymous_0)","decl":{"start":{"line":8,"column":0},"end":{"line":8,"column":13}},"loc":{"start":{"line":8,"column":0},"end":{"line":35,"column":1}}},"1":{"name":"(anonymous_1)","decl":{"start":{"line":10,"column":4},"end":{"line":10,"column":7}},"loc":{"start":{"line":10,"column":21},"end":{"line":13,"column":5}}},"2":{"name":"(anonymous_2)","decl":{"start":{"line":14,"column":4},"end":{"line":14,"column":7}},"loc":{"start":{"line":14,"column":7},"end":{"line":18,"column":5}}},"3":{"name":"(anonymous_3)","decl":{"start":{"line":15,"column":33},"end":{"line":15,"column":34}},"loc":{"start":{"line":15,"column":49},"end":{"line":17,"column":9}}},"4":{"name":"(anonymous_4)","decl":{"start":{"line":19,"column":4},"end":{"line":19,"column":15}},"loc":{"start":{"line":19,"column":15},"end":{"line":30,"column":5}}},"5":{"name":"(anonymous_5)","decl":{"start":{"line":20,"column":33},"end":{"line":20,"column":34}},"loc":{"start":{"line":20,"column":49},"end":{"line":29,"column":9}}},"6":{"name":"(anonymous_6)","decl":{"start":{"line":31,"column":4},"end":{"line":31,"column":12}},"loc":{"start":{"line":31,"column":22},"end":{"line":34,"column":5}}},"7":{"name":"(anonymous_7)","decl":{"start":{"line":32,"column":40},"end":{"line":32,"column":44}},"loc":{"start":{"line":32,"column":48},"end":{"line":32,"column":62}}}},"branchMap":{"0":{"loc":{"start":{"line":22,"column":12},"end":{"line":27,"column":14}},"type":"if","locations":[{"start":{"line":22,"column":12},"end":{"line":27,"column":14}},{"start":{"line":25,"column":18},"end":{"line":27,"column":14}}]}},"s":{"0":4,"1":7,"2":7,"3":1,"4":1,"5":1,"6":2,"7":1,"8":1,"9":2,"10":1,"11":3,"12":1,"13":1},"f":{"0":4,"1":7,"2":1,"3":1,"4":1,"5":2,"6":1,"7":3},"b":{"0":[1,1]}}
}
